<?xml version="1.0" encoding="UTF-8"?>
<testsuite xmlns:xsi="http://www.w3.org/2001/XMLSchema-instance" xsi:noNamespaceSchemaLocation="https://maven.apache.org/surefire/maven-surefire-plugin/xsd/surefire-test-report-3.0.xsd" version="3.0" name="com.epam.training.ticketservice.service.impl.MovieServiceImplTest" time="0.247" tests="6" errors="0" skipped="0" failures="0">
  <properties>
[...]
</properties>
  <testcase name="testUpdateMovieShouldThrowExceptionWhenMovieNotPresent" classname="com.epam.training.ticketservice.service.impl.MovieServiceImplTest" time="0.212"/>
  <testcase name="testCreateMovieShouldSaveMovie" classname="com.epam.training.ticketservice.service.impl.MovieServiceImplTest" time="0.014"/>
  <testcase name="testUpdateMovieShouldUpdateMovieWhenPresent" classname="com.epam.training.ticketservice.service.impl.MovieServiceImplTest" time="0.004"/>
  <testcase name="testGetMovieShouldFindMovie" classname="com.epam.training.ticketservice.service.impl.MovieServiceImplTest" time="0.002"/>
  <testcase name="testDeleteMovieShouldDeleteMovie" classname="com.epam.training.ticketservice.service.impl.MovieServiceImplTest" time="0.003"/>
  <testcase name="testGetAllMovieShouldFindAllMovie" classname="com.epam.training.ticketservice.service.impl.MovieServiceImplTest" time="0.003"/>
</testsuite>